<?xml version="1.0" encoding="UTF-8"?>
<!-- Generated by org.testng.reporters.JUnitReportReporter -->
<testsuite skipped="3" hostname="THALA-PC" name="com.myntra.qa.testcases.HomePageTest" tests="5" failures="0" timestamp="2021-06-17T20:24:37 IST" time="151.579" errors="0">
  <testcase name="removeItemFromWatchlistTest" time="75.370" classname="com.myntra.qa.testcases.HomePageTest"/>
  <system-out/>
  <testcase name="addItemsToWatchlistTest" time="76.209" classname="com.myntra.qa.testcases.HomePageTest"/>
  <system-out/>
  <testcase name="fliterItemsTest" classname="com.myntra.qa.testcases.HomePageTest">
    <skipped/>
  </testcase> <!-- fliterItemsTest -->
  <system-out/>
  <testcase name="verifyHomePageTitleTest" classname="com.myntra.qa.testcases.HomePageTest">
    <skipped/>
  </testcase> <!-- verifyHomePageTitleTest -->
  <system-out/>
  <testcase name="searchItemUsingSearchBoxTest" classname="com.myntra.qa.testcases.HomePageTest">
    <skipped/>
  </testcase> <!-- searchItemUsingSearchBoxTest -->
  <system-out/>
</testsuite> <!-- com.myntra.qa.testcases.HomePageTest -->
