<?xml version="1.0" encoding="UTF-8"?>
<!-- Generated by org.testng.reporters.JUnitReportReporter -->
<testsuite skipped="0" hostname="THALA-PC" name="com.myntra.qa.testcases.HomePageTest" tests="2" failures="0" timestamp="2021-06-16T16:35:45 IST" time="74.535" errors="0">
  <testcase name="verifyHomePageTitleTest" time="28.470" classname="com.myntra.qa.testcases.HomePageTest"/>
  <system-out/>
  <testcase name="verifyMensMenuDisplayedTest" time="46.065" classname="com.myntra.qa.testcases.HomePageTest"/>
  <system-out/>
</testsuite> <!-- com.myntra.qa.testcases.HomePageTest -->
