<?xml version="1.0" encoding="UTF-8"?>
<!-- Generated by org.testng.reporters.JUnitReportReporter -->
<testsuite skipped="0" hostname="THALA-PC" name="com.myntra.qa.testcases.HomePageTest" tests="1" failures="0" timestamp="2021-06-17T22:53:05 IST" time="63.511" errors="0">
  <testcase name="getListItemsUnderMensEvenCol" time="63.511" classname="com.myntra.qa.testcases.HomePageTest"/>
  <system-out/>
</testsuite> <!-- com.myntra.qa.testcases.HomePageTest -->
