<?xml version="1.0" encoding="UTF-8"?>
<!-- Generated by org.testng.reporters.JUnitReportReporter -->
<testsuite skipped="0" hostname="THALA-PC" name="com.myntra.qa.testcases.ProductPageTest" tests="1" failures="0" timestamp="2021-06-20T17:16:01 IST" time="108.753" errors="0">
  <testcase name="verifyListOfCustomerReviews" time="108.753" classname="com.myntra.qa.testcases.ProductPageTest"/>
  <system-out/>
</testsuite> <!-- com.myntra.qa.testcases.ProductPageTest -->
