<?xml version="1.0" encoding="UTF-8"?>
<!-- Generated by org.testng.reporters.JUnitReportReporter -->
<testsuite skipped="0" hostname="THALA-PC" name="com.myntra.qa.testcases.LoginPageTest" tests="2" failures="0" timestamp="2021-06-17T11:11:07 IST" time="79.353" errors="0">
  <testcase name="verifyLoginPageTitleTest" time="25.804" classname="com.myntra.qa.testcases.LoginPageTest"/>
  <system-out/>
  <testcase name="loginUserTest" time="53.549" classname="com.myntra.qa.testcases.LoginPageTest"/>
  <system-out/>
</testsuite> <!-- com.myntra.qa.testcases.LoginPageTest -->
