<?xml version="1.0" encoding="UTF-8"?>
<!-- Generated by org.testng.reporters.JUnitReportReporter -->
<testsuite skipped="0" hostname="THALA-PC" name="com.myntra.qa.testcases.LoginPageTest" tests="2" failures="0" timestamp="2021-06-21T16:21:21 IST" time="93.177" errors="0">
  <testcase name="verifyLoginPageTitleTest" time="44.450" classname="com.myntra.qa.testcases.LoginPageTest"/>
  <system-out>
    <![CDATA[Test - Open verifyLoginPageTitleTest
Test - close verifyLoginPageTitleTest]]>
  </system-out>
  <testcase name="loginUserTest" time="48.727" classname="com.myntra.qa.testcases.LoginPageTest"/>
  <system-out>
    <![CDATA[Test - Open loginUserTest
Test - Close loginUserTest]]>
  </system-out>
</testsuite> <!-- com.myntra.qa.testcases.LoginPageTest -->
