<?xml version="1.0" encoding="UTF-8"?>
<!-- Generated by org.testng.reporters.JUnitReportReporter -->
<testsuite skipped="0" hostname="THALA-PC" name="com.myntra.qa.testcases.HomePageTest" tests="1" failures="0" timestamp="2021-06-20T18:07:16 IST" time="82.074" errors="0">
  <testcase name="verifyLoggedInUserMobileNumber" time="82.074" classname="com.myntra.qa.testcases.HomePageTest"/>
  <system-out>
    <![CDATA[Test - Open verifyLoggedInUserMobileNumber
test - Close verifyLoggedInUserMobileNumber]]>
  </system-out>
</testsuite> <!-- com.myntra.qa.testcases.HomePageTest -->
