<?xml version="1.0" encoding="UTF-8"?>
<!-- Generated by org.testng.reporters.JUnitReportReporter -->
<testsuite skipped="0" hostname="THALA-PC" name="com.myntra.qa.testcases.ProductPageTest" tests="1" failures="0" timestamp="2021-06-20T18:53:31 IST" time="171.538" errors="0">
  <testcase name="verifyProductDescriptionTest" time="171.538" classname="com.myntra.qa.testcases.ProductPageTest"/>
  <system-out>
    <![CDATA[Test - Open verifyProductDescriptionTest
Test - Close verifyProductDescriptionTest]]>
  </system-out>
</testsuite> <!-- com.myntra.qa.testcases.ProductPageTest -->
