<?xml version="1.0" encoding="UTF-8"?>
<!-- Generated by org.testng.reporters.JUnitReportReporter -->
<testsuite skipped="0" hostname="THALA-PC" name="com.myntra.qa.testcases.LoginPageTest" tests="2" failures="0" timestamp="2021-06-17T23:58:50 IST" time="36.493" errors="0">
  <testcase name="verifyLoginPageTitleTest" time="15.548" classname="com.myntra.qa.testcases.LoginPageTest"/>
  <system-out>
    <![CDATA[Test - Open verifyLoginPageTitleTest
Test - close verifyLoginPageTitleTest]]>
  </system-out>
  <testcase name="loginUserTest" time="20.945" classname="com.myntra.qa.testcases.LoginPageTest"/>
  <system-out>
    <![CDATA[Test - Open loginUserTest
Test - Close loginUserTest]]>
  </system-out>
</testsuite> <!-- com.myntra.qa.testcases.LoginPageTest -->
