<?xml version="1.0" encoding="UTF-8"?>
<!-- Generated by org.testng.reporters.JUnitReportReporter -->
<testsuite skipped="0" hostname="THALA-PC" name="com.myntra.qa.testcases.HomePageTest" tests="6" failures="0" timestamp="2021-06-17T23:58:50 IST" time="290.162" errors="0">
  <testcase name="verifyHomePageTitleTest" time="21.276" classname="com.myntra.qa.testcases.HomePageTest"/>
  <system-out>
    <![CDATA[Test - Open verifyHomePageTitleTest
Test - Close verifyHomePageTitleTest]]>
  </system-out>
  <testcase name="searchItemUsingSearchBoxTest" time="56.059" classname="com.myntra.qa.testcases.HomePageTest"/>
  <system-out>
    <![CDATA[Test - Open searchItemUsingSearchBoxTest
Test - Close searchItemUsingSearchBoxTest]]>
  </system-out>
  <testcase name="fliterItemsTest" time="64.171" classname="com.myntra.qa.testcases.HomePageTest"/>
  <system-out>
    <![CDATA[Test - Open fliterItemsTest
Test - Close fliterItemsTest]]>
  </system-out>
  <testcase name="addItemsToWatchlistTest" time="58.632" classname="com.myntra.qa.testcases.HomePageTest"/>
  <system-out>
    <![CDATA[Test - Open addItemsToWatchlistTest
Test - Close addItemsToWatchlistTest]]>
  </system-out>
  <testcase name="removeItemFromWatchlistTest" time="42.540" classname="com.myntra.qa.testcases.HomePageTest"/>
  <system-out>
    <![CDATA[Test - Open removeItemFromWatchlistTest
Test - Close removeItemFromWatchlistTest]]>
  </system-out>
  <testcase name="getListItemsUnderMensEvenCol" time="47.484" classname="com.myntra.qa.testcases.HomePageTest"/>
  <system-out>
    <![CDATA[Test - Open getListItemsUnderMensEvenCol
Test - Close getListItemsUnderMensEvenCol]]>
  </system-out>
</testsuite> <!-- com.myntra.qa.testcases.HomePageTest -->
