<?xml version="1.0" encoding="UTF-8"?>
<!-- Generated by org.testng.reporters.JUnitReportReporter -->
<testsuite skipped="0" hostname="THALA-PC" name="com.myntra.qa.testcases.HomePageTest" tests="1" failures="0" timestamp="2021-06-21T11:06:53 IST" time="83.763" errors="0">
  <testcase name="removeItemFromWatchlistTest" time="83.763" classname="com.myntra.qa.testcases.HomePageTest"/>
  <system-out>
    <![CDATA[Test - Open removeItemFromWatchlistTest
Test - Close removeItemFromWatchlistTest]]>
  </system-out>
</testsuite> <!-- com.myntra.qa.testcases.HomePageTest -->
