<?xml version="1.0" encoding="UTF-8"?>
<!-- Generated by org.testng.reporters.JUnitReportReporter -->
<testsuite skipped="0" hostname="THALA-PC" name="com.myntra.qa.testcases.ProductPageTest" tests="1" failures="0" timestamp="2021-06-21T11:09:07 IST" time="110.438" errors="0">
  <testcase name="verifyListOfCustomerReviews" time="110.438" classname="com.myntra.qa.testcases.ProductPageTest"/>
  <system-out>
    <![CDATA[Test - Open verifyListOfCustomerReviews
Test - Close verifyListOfCustomerReviews]]>
  </system-out>
</testsuite> <!-- com.myntra.qa.testcases.ProductPageTest -->
